======================================================================
SPOTS vs Traditional Marketing Experiment
======================================================================

======================================================================
Setting up SPOTS vs Traditional Marketing Experiment
======================================================================

Creating 1000 users for control group (traditional)...
Creating 1000 users for test group (SPOTS)...
Creating 500 events...
✅ Setup complete: 1000 control users, 1000 test users, 500 events

======================================================================
TEST 1: Equal Time Comparison (Fair ROI)
======================================================================

======================================================================
Running Experiment
======================================================================

Processing event 50/500...
Processing event 100/500...
Processing event 150/500...
Processing event 200/500...
Processing event 250/500...
Processing event 300/500...
Processing event 350/500...
Processing event 400/500...
Processing event 450/500...
Processing event 500/500...
✅ Experiment complete: 500 control events, 500 test events

Calculating Test 1 statistics...
Saving Test 1 results...
======================================================================
TEST 1 Complete
======================================================================

Test 1 Summary (Equal Time Comparison):
----------------------------------------------------------------------
Attendance Rate: SPOTS 26.51% vs Traditional 14.00% (1.89x)
Conversion Rate: SPOTS 102.90% vs Traditional 0.15% (682.52x)
Gross Revenue per Event: SPOTS $13,252.90 vs Traditional $7,002.40 (1.89x)
Net Profit per Event: SPOTS $10,182.64 vs Traditional $4,370.21 (2.33x)
Total Net Profit: SPOTS $5,091,320.83 vs Traditional $2,185,104.00 (2.33x)
ROI: SPOTS 3.40:1 vs Traditional 1.58:1 (2.15x)

======================================================================
TEST 2: SPOTS Efficiency Advantage (More Events)
======================================================================

======================================================================
Test 2: SPOTS Efficiency Advantage (More Events in Same Time)
======================================================================

Traditional Marketing:
  - Average lead time: 45 days
  - Average duration: 42 days
  - Days between event starts (overlapping campaigns): 45 days
  - Max events in 6 months: 6 (at least 1 per month)

SPOTS Marketing:
  - Average lead time: 10 days
  - Average duration: 10.5 days
  - Days between event starts (overlapping campaigns): 10 days
  - Max events in 6 months: 17

Running Test 2:
  - Traditional: 6 events (time-limited)
  - SPOTS: 17 events (efficiency advantage)

✅ Test 2 complete: 6 traditional events, 17 SPOTS events

Calculating Test 2 statistics...
Saving Test 2 results...
======================================================================
TEST 2 Complete
======================================================================

Test 2 Summary (Efficiency Advantage - More Events):
----------------------------------------------------------------------
Events: SPOTS 17 vs Traditional 6 (2.83x more events)
Total Gross Revenue: SPOTS $196,500.00 vs Traditional $31,400.00 (6.26x total)
Total Net Profit: SPOTS $149,862.25 vs Traditional $16,456.00 (9.11x)
ROI: SPOTS 3.37:1 vs Traditional 1.05:1 (3.21x)

All results saved to: /Users/reisgordon/SPOTS/docs/patents/experiments/marketing/results
Test 1 report: /Users/reisgordon/SPOTS/docs/patents/experiments/marketing/results/test1_spots_vs_traditional_marketing_report.md
Test 2 report: /Users/reisgordon/SPOTS/docs/patents/experiments/marketing/results/test2_spots_vs_traditional_marketing_report.md

Total execution time: 4.56 seconds

