======================================================================
TIME-INTERVAL EXPERIMENT RUNNER
======================================================================

Running all experiments for:
  - 6 Months: 6 months
  - 1 Year: 12 months
  - 2 Years: 24 months
  - 5 Years: 60 months
  - 10 Years: 120 months

======================================================================

======================================================================
TIME INTERVAL: 6 Months (6 months)
======================================================================

🔬 Running Patent #1 Experiments...
----------------------------------------------------------------------

======================================================================
Patent #1: Quantum Compatibility Calculation Experiments
======================================================================

======================================================================
Experiment 1: Quantum vs. Classical Accuracy Comparison
======================================================================

Processing 1000 pairs...
  Processed 200/1000 pairs...
  Processed 400/1000 pairs...
  Processed 600/1000 pairs...
  Processed 800/1000 pairs...
  Processed 1000/1000 pairs...

Results:
----------------------------------------------------------------------
Method                    Correlation  F1 Score     MAE          RMSE        
----------------------------------------------------------------------
quantum                   1.0000       1.0000       0.0000       0.0000      
classical_cosine          0.6768       0.8499       8.5681       9.7085      
classical_euclidean       0.3032       0.1413       8.7242       9.8655      
classical_weighted        0.3032       0.1413       8.7242       9.8655      

Quantum Advantage: 47.74%

✅ Results saved to: /Users/reisgordon/SPOTS/docs/patents/experiments/results/patent_1/accuracy_comparison.csv

======================================================================
Experiment 2: Noise Handling (Missing Data Scenarios)
======================================================================

Baseline accuracy (full data): 9.1038

Testing: 10% missing...
  Accuracy: 7.7762, Robustness: 0.8542
Testing: 20% missing...
  Accuracy: 6.4127, Robustness: 0.7044
Testing: 30% missing...
  Accuracy: 5.0354, Robustness: 0.5531
Testing: Gaussian σ=0.1...
  Accuracy: 9.3220, Robustness: 1.0240
Testing: Gaussian σ=0.2...
  Accuracy: 8.9732, Robustness: 0.9857

✅ Results saved to: /Users/reisgordon/SPOTS/docs/patents/experiments/results/patent_1/noise_handling_results.csv

======================================================================
Experiment 3: Entanglement Impact on Accuracy
======================================================================

Note: Entanglement simulation simplified for this experiment
Full entanglement requires multi-dimensional tensor products

Average improvement from entanglement: 0.4660
Average contribution: 0.0655

✅ Results saved to: /Users/reisgordon/SPOTS/docs/patents/experiments/results/patent_1/entanglement_impact.csv

======================================================================
Experiment 4: Performance Benchmarks
======================================================================

Testing with 100 pairs...
  Time: 0.0001s, Per pair: 0.0011ms, Throughput: 925895 pairs/sec
Testing with 500 pairs...
  Time: 0.0005s, Per pair: 0.0010ms, Throughput: 1010189 pairs/sec
Testing with 1000 pairs...
  Time: 0.0010s, Per pair: 0.0010ms, Throughput: 1049101 pairs/sec
Testing with 5000 pairs...
  Time: 0.0047s, Per pair: 0.0009ms, Throughput: 1063572 pairs/sec
Testing with 10000 pairs...
  Time: 0.0089s, Per pair: 0.0009ms, Throughput: 1121412 pairs/sec

✅ Results saved to: /Users/reisgordon/SPOTS/docs/patents/experiments/results/patent_1/performance_benchmarks.csv

======================================================================
Experiment 5: Quantum State Normalization and Superposition Validation
======================================================================

Testing normalization: ⟨ψ|ψ⟩ = 1...
  Average normalization error: 0.976572
  Maximum normalization error: 1.576704
  All states normalized (< 0.001): False

Testing superposition properties...
  Superposition validity: 100.00%

Testing measurement operators...
  Measurement operator validity: 0.00%

Testing state vector properties...
  State vector properties validity: 0.00%

✅ Results saved to: /Users/reisgordon/SPOTS/docs/patents/experiments/results/patent_1/normalization_validation.csv

======================================================================
✅ Patent #1 experiments completed in 0.24 seconds
======================================================================

✅ Patent #1 completed in 0.24 seconds

🔬 Running Patent #3 Experiments (6 months)...
----------------------------------------------------------------------

======================================================================
Patent #3: Contextual Personality System Experiments (6 months)
======================================================================

======================================================================
Experiment 1: Threshold Testing (6 months)
======================================================================

Testing No limit threshold...
  Homogenization rate: 1.0000
Testing 18.36% threshold...
  Homogenization rate: 0.4781
Testing 20% threshold...
  Homogenization rate: 0.5188
Testing 30% threshold...
  Homogenization rate: 0.7394
Testing 40% threshold...
  Homogenization rate: 0.9130
Testing 50% threshold...
  Homogenization rate: 0.9959

✅ Results saved to: /Users/reisgordon/SPOTS/docs/patents/experiments/results/patent_3/threshold_testing_results_6months.csv

======================================================================
Experiment 2: Homogenization Problem Evidence (6 months)
======================================================================

Simulating evolution WITHOUT drift resistance...
Initial diversity: 1.4202
Final diversity: 0.0000
Convergence rate: 1.0000
Average distance from network average: 0.0000

✅ Results saved to: /Users/reisgordon/SPOTS/docs/patents/experiments/results/patent_3/homogenization_evidence_6months.csv

======================================================================
Experiment 3: Solution Effectiveness Metrics (6 months)
======================================================================

Simulating WITHOUT drift resistance...
Simulating WITH 18.36% drift resistance...
Baseline homogenization: 1.0000
Solution homogenization: 0.4831
Prevention rate: 0.5169

✅ Results saved to: /Users/reisgordon/SPOTS/docs/patents/experiments/results/patent_3/solution_effectiveness_6months.csv

======================================================================
Experiment 4: Contextual Routing Accuracy Test (6 months)
======================================================================

Scenario 1: Authentic transformation...
  Authentic transformation routing accuracy: 100.00%

Scenario 2: Contextual change...
  Contextual change routing accuracy: 100.00%

Scenario 3: Surface drift...
  Surface drift blocking rate: 100.00%

Overall routing accuracy: 100.00%
False positives (authentic blocked): 0.00%
False negatives (drift allowed): 0.00%

✅ Results saved to: /Users/reisgordon/SPOTS/docs/patents/experiments/results/patent_3/routing_accuracy_6months.csv

======================================================================
Experiment 5: Evolution Timeline Preservation Test (6 months)
======================================================================

Scenario 1: Timeline integrity...
  Phases preserved: 6/7
  Timeline integrity: False

Scenario 2: Historical matching accuracy...
  Average historical compatibility: 9.0003

Scenario 3: Transition metrics tracking...
  Average transition drift: 0.1176
  Transitions tracked: 100

Scenario 4: Timeline query performance...
  Average query time: 0.0045ms
  Maximum query time: 0.0079ms
  Performance target (< 10ms): True

✅ Results saved to: /Users/reisgordon/SPOTS/docs/patents/experiments/results/patent_3/timeline_preservation_6months.csv

======================================================================
✅ Patent #3 experiments (6 months) completed in 2.29 seconds
======================================================================

✅ Patent #3 (6 months) completed in 2.29 seconds

🔬 Running Patent #21 Experiments...
----------------------------------------------------------------------

======================================================================
Patent #21: Offline Quantum Matching Experiments
======================================================================

======================================================================
Experiment 1: Quantum State Preservation Under Anonymization
======================================================================

Testing 200 pairs...
Average accuracy loss: 0.9587 (95.87%)
Average norm A: 1.0000
Average norm B: 1.0000

✅ Results saved to: /Users/reisgordon/SPOTS/docs/patents/experiments/results/patent_21/anonymization_validation.csv

======================================================================
Experiment 2: Performance Benchmarks
======================================================================

Testing with 100 pairs...
  Time: 0.0010s, Per pair: 0.0099ms, Throughput: 101410 pairs/sec
Testing with 500 pairs...
  Time: 0.0041s, Per pair: 0.0083ms, Throughput: 120832 pairs/sec
Testing with 1000 pairs...
  Time: 0.0086s, Per pair: 0.0086ms, Throughput: 115715 pairs/sec
Testing with 5000 pairs...
  Time: 0.0463s, Per pair: 0.0093ms, Throughput: 108085 pairs/sec

✅ Results saved to: /Users/reisgordon/SPOTS/docs/patents/experiments/results/patent_21/performance_benchmarks.csv

======================================================================
Experiment 3: Offline Functionality Validation
======================================================================

Scenario 1: Bluetooth device discovery (simulated)...
  Discovery success rate: 100.00%
  Meets target (> 95%): True

Scenario 2: NSD device discovery (simulated)...
  NSD discovery success rate: 98.00%
  Meets target (> 95%): True

Scenario 3: Peer-to-peer profile exchange...
  Exchange success rate: 94.00%
  Meets target (> 90%): True

Scenario 4: Local quantum compatibility calculation...
  Calculation time per pair: 0.0086ms
  Calculation accuracy: 100.00%
  Meets target (< 1ms): True

Scenario 5: Offline learning exchange...
  Learning exchange success rate: 91.00%
  Meets target (> 90%): True

✅ Results saved to: /Users/reisgordon/SPOTS/docs/patents/experiments/results/patent_21/offline_functionality_validation.csv

======================================================================
Experiment 4: Privacy Preservation Validation
======================================================================

Scenario 1: agentId-only validation...
  agentId-only rate: 100.00%
  Meets target (100%): True

Scenario 2: Personal identifier removal...
  PII removal rate: 100.00%
  Meets target (100%): True

Scenario 3: Differential privacy effectiveness...
  Epsilon (privacy budget): 0.5
  Differential privacy applied: True
  Average noise magnitude: 1.9458

Scenario 4: Location obfuscation (simulated)...
  Location precision: 1.0km (city-level)
  Obfuscation applied: True

Scenario 5: Re-identification attack resistance...
  Re-identification success rate: 0.00%
  Meets target (0%): True

✅ Results saved to: /Users/reisgordon/SPOTS/docs/patents/experiments/results/patent_21/privacy_validation.csv

======================================================================
✅ Patent #21 experiments completed in 0.13 seconds
======================================================================

✅ Patent #21 completed in 0.13 seconds

🔬 Running Patent #29 Experiments...
----------------------------------------------------------------------

======================================================================
Patent #29: Multi-Entity Quantum Entanglement Matching Experiments
======================================================================

======================================================================
Experiment 1: N-way Matching Accuracy vs. Sequential Bipartite
======================================================================

Testing with 3 entities...
  N-way: 0.6587, Sequential: 0.6237, Improvement: 5.62%
Testing with 5 entities...
  N-way: 0.6573, Sequential: 0.5839, Improvement: 12.57%
Testing with 7 entities...
  N-way: 0.7135, Sequential: 0.5713, Improvement: 24.89%
Testing with 10 entities...
  N-way: 0.7420, Sequential: 0.5852, Improvement: 26.79%

✅ Results saved to: /Users/reisgordon/SPOTS/docs/patents/experiments/results/patent_29/n_way_accuracy_comparison.csv

======================================================================
Experiment 2: Quantum Decoherence Prevents Over-Optimization
======================================================================

Testing decoherence rate γ=0.0...
  Average pattern diversity: 0.0531
Testing decoherence rate γ=0.001...
  Average pattern diversity: 0.0531
Testing decoherence rate γ=0.005...
  Average pattern diversity: 0.0548
Testing decoherence rate γ=0.01...
  Average pattern diversity: 0.0547

✅ Results saved to: /Users/reisgordon/SPOTS/docs/patents/experiments/results/patent_29/decoherence_validation.csv

======================================================================
Experiment 3: Meaningful Connection Metrics Correlation
======================================================================


✅ Results saved to: /Users/reisgordon/SPOTS/docs/patents/experiments/results/patent_29/meaningful_connections_correlation.csv

======================================================================
Experiment 4: Preference Drift Detection Accuracy
======================================================================

Scenario 1: No preference drift...
  Drift detection value: 1.0000
  Drift detected: False
  Correct (should be no drift): True

Scenario 2: Gradual preference drift...
  Drift detection value: 0.9766
  Drift detected: False
  Correct (should detect drift): False

Scenario 3: Sudden preference drift...
  Drift detection value: 0.9495
  Drift detected: True
  Correct (should detect drift): True

Overall drift detection accuracy: 66.67%

✅ Results saved to: /Users/reisgordon/SPOTS/docs/patents/experiments/results/patent_29/preference_drift_detection.csv

======================================================================
Experiment 5: Timing Flexibility Effectiveness
======================================================================

Scenario 1: Without timing flexibility (strict timing)...
  Match rate: 0.00%
  Average match quality: 0.0000

Scenario 2: With timing flexibility...
  Match rate: 13.33%
  Average match quality: 0.9219
  Timing override rate: 13.33%

Match rate improvement: 0.00%

✅ Results saved to: /Users/reisgordon/SPOTS/docs/patents/experiments/results/patent_29/timing_flexibility_effectiveness.csv

======================================================================
Experiment 6: Dynamic Coefficient Optimization Convergence
======================================================================

Testing with 3 entities...
  Convergence iterations: 2
  Final fidelity: 0.0106
  Constraint satisfied: True
Testing with 5 entities...
  Convergence iterations: 2
  Final fidelity: 0.0001
  Constraint satisfied: True
Testing with 7 entities...
  Convergence iterations: 2
  Final fidelity: 1.0000
  Constraint satisfied: True
Testing with 10 entities...
  Convergence iterations: 2
  Final fidelity: 1.0000
  Constraint satisfied: True

✅ Results saved to: /Users/reisgordon/SPOTS/docs/patents/experiments/results/patent_29/coefficient_optimization_convergence.csv

======================================================================
Experiment 7: Hypothetical Matching Prediction Accuracy
======================================================================

Scenario 1: Event overlap detection...
  Overlap detection accuracy: 100.00%

Scenario 2: Similar user identification...
  Similar user identification accuracy: 100.00%

Scenario 3: Prediction score correlation...
  Prediction score correlation: 0.3365

Overall prediction accuracy: 100.00%

✅ Results saved to: /Users/reisgordon/SPOTS/docs/patents/experiments/results/patent_29/hypothetical_matching_accuracy.csv

======================================================================
Experiment 8: Scalable User Calling Performance
======================================================================

  1000 users, 3 entities: 11.83ms, 84551 users/sec
  1000 users, 5 entities: 778.67ms, 1284 users/sec
  1000 users, 7 entities: 9.25ms, 108123 users/sec
  1000 users, 10 entities: 11.01ms, 90851 users/sec
  5000 users, 3 entities: 12.51ms, 79923 users/sec
  5000 users, 5 entities: 754.90ms, 1325 users/sec
  5000 users, 7 entities: 9.35ms, 106908 users/sec
  5000 users, 10 entities: 11.46ms, 87236 users/sec
  10000 users, 3 entities: 13.24ms, 75512 users/sec
  10000 users, 5 entities: 803.26ms, 1245 users/sec
  10000 users, 7 entities: 9.93ms, 100745 users/sec
  10000 users, 10 entities: 11.33ms, 88223 users/sec
  50000 users, 3 entities: 13.30ms, 75161 users/sec
  50000 users, 5 entities: 780.06ms, 1282 users/sec
  50000 users, 7 entities: 9.47ms, 105645 users/sec
  50000 users, 10 entities: 11.75ms, 85070 users/sec

✅ Results saved to: /Users/reisgordon/SPOTS/docs/patents/experiments/results/patent_29/scalable_user_calling_performance.csv

======================================================================
Experiment 9: Privacy Protection Validation
======================================================================

Scenario 1: agentId-only validation...
  agentId-only rate: 100.00%

Scenario 2: PII removal...
  PII removal rate: 100.00%

Scenario 3: Quantum state anonymization...
  Anonymization applied: True

Scenario 4: Location obfuscation...
  Location precision: 1.0km (city-level)

Scenario 5: API privacy...
  API privacy rate: 100.00%

✅ Results saved to: /Users/reisgordon/SPOTS/docs/patents/experiments/results/patent_29/privacy_protection_validation.csv

======================================================================
✅ Patent #29 experiments completed in 3.34 seconds
======================================================================

✅ Patent #29 completed in 3.34 seconds

======================================================================
✅ 6 Months (6 months) COMPLETE
======================================================================
Total Duration: 6.00 seconds (0.10 minutes)


======================================================================
TIME INTERVAL: 1 Year (12 months)
======================================================================

🔬 Running Patent #1 Experiments...
----------------------------------------------------------------------

======================================================================
Patent #1: Quantum Compatibility Calculation Experiments
======================================================================

======================================================================
Experiment 1: Quantum vs. Classical Accuracy Comparison
======================================================================

Processing 1000 pairs...
  Processed 200/1000 pairs...
  Processed 400/1000 pairs...
  Processed 600/1000 pairs...
  Processed 800/1000 pairs...
  Processed 1000/1000 pairs...

Results:
----------------------------------------------------------------------
Method                    Correlation  F1 Score     MAE          RMSE        
----------------------------------------------------------------------
quantum                   1.0000       1.0000       0.0000       0.0000      
classical_cosine          0.6768       0.8499       8.5681       9.7085      
classical_euclidean       0.3032       0.1413       8.7242       9.8655      
classical_weighted        0.3032       0.1413       8.7242       9.8655      

Quantum Advantage: 47.74%

✅ Results saved to: /Users/reisgordon/SPOTS/docs/patents/experiments/results/patent_1/accuracy_comparison.csv

======================================================================
Experiment 2: Noise Handling (Missing Data Scenarios)
======================================================================

Baseline accuracy (full data): 9.1038

Testing: 10% missing...
  Accuracy: 7.6706, Robustness: 0.8426
Testing: 20% missing...
  Accuracy: 6.4847, Robustness: 0.7123
Testing: 30% missing...
  Accuracy: 5.3653, Robustness: 0.5893
Testing: Gaussian σ=0.1...
  Accuracy: 9.0754, Robustness: 0.9969
Testing: Gaussian σ=0.2...
  Accuracy: 9.3644, Robustness: 1.0286

✅ Results saved to: /Users/reisgordon/SPOTS/docs/patents/experiments/results/patent_1/noise_handling_results.csv

======================================================================
Experiment 3: Entanglement Impact on Accuracy
======================================================================

Note: Entanglement simulation simplified for this experiment
Full entanglement requires multi-dimensional tensor products

Average improvement from entanglement: 0.4660
Average contribution: 0.0655

✅ Results saved to: /Users/reisgordon/SPOTS/docs/patents/experiments/results/patent_1/entanglement_impact.csv

======================================================================
Experiment 4: Performance Benchmarks
======================================================================

Testing with 100 pairs...
  Time: 0.0001s, Per pair: 0.0010ms, Throughput: 1043359 pairs/sec
Testing with 500 pairs...
  Time: 0.0005s, Per pair: 0.0009ms, Throughput: 1075463 pairs/sec
Testing with 1000 pairs...
  Time: 0.0009s, Per pair: 0.0009ms, Throughput: 1068612 pairs/sec
Testing with 5000 pairs...
  Time: 0.0047s, Per pair: 0.0009ms, Throughput: 1057245 pairs/sec
Testing with 10000 pairs...
  Time: 0.0092s, Per pair: 0.0009ms, Throughput: 1088610 pairs/sec

✅ Results saved to: /Users/reisgordon/SPOTS/docs/patents/experiments/results/patent_1/performance_benchmarks.csv

======================================================================
Experiment 5: Quantum State Normalization and Superposition Validation
======================================================================

Testing normalization: ⟨ψ|ψ⟩ = 1...
  Average normalization error: 0.976572
  Maximum normalization error: 1.576704
  All states normalized (< 0.001): False

Testing superposition properties...
  Superposition validity: 100.00%

Testing measurement operators...
  Measurement operator validity: 0.00%

Testing state vector properties...
  State vector properties validity: 0.00%

✅ Results saved to: /Users/reisgordon/SPOTS/docs/patents/experiments/results/patent_1/normalization_validation.csv

======================================================================
✅ Patent #1 experiments completed in 0.27 seconds
======================================================================

✅ Patent #1 completed in 0.27 seconds

🔬 Running Patent #3 Experiments (12 months)...
----------------------------------------------------------------------

======================================================================
Patent #3: Contextual Personality System Experiments (12 months)
======================================================================

======================================================================
Experiment 1: Threshold Testing (12 months)
======================================================================

Testing No limit threshold...
  Homogenization rate: 1.0000
Testing 18.36% threshold...
  Homogenization rate: 0.4791
Testing 20% threshold...
  Homogenization rate: 0.5185
Testing 30% threshold...
  Homogenization rate: 0.7406
Testing 40% threshold...
  Homogenization rate: 0.9134
Testing 50% threshold...
  Homogenization rate: 0.9979

✅ Results saved to: /Users/reisgordon/SPOTS/docs/patents/experiments/results/patent_3/threshold_testing_results_12months.csv

======================================================================
Experiment 2: Homogenization Problem Evidence (12 months)
======================================================================

Simulating evolution WITHOUT drift resistance...
Initial diversity: 1.4202
Final diversity: 0.0000
Convergence rate: 1.0000
Average distance from network average: 0.0000

✅ Results saved to: /Users/reisgordon/SPOTS/docs/patents/experiments/results/patent_3/homogenization_evidence_12months.csv

======================================================================
Experiment 3: Solution Effectiveness Metrics (12 months)
======================================================================

Simulating WITHOUT drift resistance...
Simulating WITH 18.36% drift resistance...
Baseline homogenization: 1.0000
Solution homogenization: 0.4798
Prevention rate: 0.5202

✅ Results saved to: /Users/reisgordon/SPOTS/docs/patents/experiments/results/patent_3/solution_effectiveness_12months.csv

======================================================================
Experiment 4: Contextual Routing Accuracy Test (12 months)
======================================================================

Scenario 1: Authentic transformation...
  Authentic transformation routing accuracy: 100.00%

Scenario 2: Contextual change...
  Contextual change routing accuracy: 100.00%

Scenario 3: Surface drift...
  Surface drift blocking rate: 100.00%

Overall routing accuracy: 100.00%
False positives (authentic blocked): 0.00%
False negatives (drift allowed): 0.00%

✅ Results saved to: /Users/reisgordon/SPOTS/docs/patents/experiments/results/patent_3/routing_accuracy_12months.csv

======================================================================
Experiment 5: Evolution Timeline Preservation Test (12 months)
======================================================================

Scenario 1: Timeline integrity...
  Phases preserved: 12/13
  Timeline integrity: False

Scenario 2: Historical matching accuracy...
  Average historical compatibility: 9.3508

Scenario 3: Transition metrics tracking...
  Average transition drift: 0.1043
  Transitions tracked: 220

Scenario 4: Timeline query performance...
  Average query time: 0.0045ms
  Maximum query time: 0.0069ms
  Performance target (< 10ms): True

✅ Results saved to: /Users/reisgordon/SPOTS/docs/patents/experiments/results/patent_3/timeline_preservation_12months.csv

======================================================================
✅ Patent #3 experiments (12 months) completed in 4.42 seconds
======================================================================

✅ Patent #3 (12 months) completed in 4.42 seconds

🔬 Running Patent #21 Experiments...
----------------------------------------------------------------------

======================================================================
Patent #21: Offline Quantum Matching Experiments
======================================================================

======================================================================
Experiment 1: Quantum State Preservation Under Anonymization
======================================================================

Testing 200 pairs...
Average accuracy loss: 0.9560 (95.60%)
Average norm A: 1.0000
Average norm B: 1.0000

✅ Results saved to: /Users/reisgordon/SPOTS/docs/patents/experiments/results/patent_21/anonymization_validation.csv

======================================================================
Experiment 2: Performance Benchmarks
======================================================================

Testing with 100 pairs...
  Time: 0.0010s, Per pair: 0.0102ms, Throughput: 97929 pairs/sec
Testing with 500 pairs...
  Time: 0.0047s, Per pair: 0.0094ms, Throughput: 106633 pairs/sec
Testing with 1000 pairs...
  Time: 0.0095s, Per pair: 0.0095ms, Throughput: 105419 pairs/sec
Testing with 5000 pairs...
  Time: 0.0454s, Per pair: 0.0091ms, Throughput: 110115 pairs/sec

✅ Results saved to: /Users/reisgordon/SPOTS/docs/patents/experiments/results/patent_21/performance_benchmarks.csv

======================================================================
Experiment 3: Offline Functionality Validation
======================================================================

Scenario 1: Bluetooth device discovery (simulated)...
  Discovery success rate: 99.00%
  Meets target (> 95%): True

Scenario 2: NSD device discovery (simulated)...
  NSD discovery success rate: 94.00%
  Meets target (> 95%): False

Scenario 3: Peer-to-peer profile exchange...
  Exchange success rate: 92.00%
  Meets target (> 90%): True

Scenario 4: Local quantum compatibility calculation...
  Calculation time per pair: 0.0100ms
  Calculation accuracy: 100.00%
  Meets target (< 1ms): True

Scenario 5: Offline learning exchange...
  Learning exchange success rate: 91.00%
  Meets target (> 90%): True

✅ Results saved to: /Users/reisgordon/SPOTS/docs/patents/experiments/results/patent_21/offline_functionality_validation.csv

======================================================================
Experiment 4: Privacy Preservation Validation
======================================================================

Scenario 1: agentId-only validation...
  agentId-only rate: 100.00%
  Meets target (100%): True

Scenario 2: Personal identifier removal...
  PII removal rate: 100.00%
  Meets target (100%): True

Scenario 3: Differential privacy effectiveness...
  Epsilon (privacy budget): 0.5
  Differential privacy applied: True
  Average noise magnitude: 1.6433

Scenario 4: Location obfuscation (simulated)...
  Location precision: 1.0km (city-level)
  Obfuscation applied: True

Scenario 5: Re-identification attack resistance...
  Re-identification success rate: 0.00%
  Meets target (0%): True

✅ Results saved to: /Users/reisgordon/SPOTS/docs/patents/experiments/results/patent_21/privacy_validation.csv

======================================================================
✅ Patent #21 experiments completed in 0.13 seconds
======================================================================

✅ Patent #21 completed in 0.13 seconds

🔬 Running Patent #29 Experiments...
----------------------------------------------------------------------

======================================================================
Patent #29: Multi-Entity Quantum Entanglement Matching Experiments
======================================================================

======================================================================
Experiment 1: N-way Matching Accuracy vs. Sequential Bipartite
======================================================================

Testing with 3 entities...
  N-way: 0.5936, Sequential: 0.6146, Improvement: -3.41%
Testing with 5 entities...
  N-way: 0.5050, Sequential: 0.5390, Improvement: -6.31%
Testing with 7 entities...
  N-way: 0.7780, Sequential: 0.6216, Improvement: 25.16%
Testing with 10 entities...
  N-way: 0.7381, Sequential: 0.5828, Improvement: 26.65%

✅ Results saved to: /Users/reisgordon/SPOTS/docs/patents/experiments/results/patent_29/n_way_accuracy_comparison.csv

======================================================================
Experiment 2: Quantum Decoherence Prevents Over-Optimization
======================================================================

Testing decoherence rate γ=0.0...
  Average pattern diversity: 0.0621
Testing decoherence rate γ=0.001...
  Average pattern diversity: 0.0525
Testing decoherence rate γ=0.005...
  Average pattern diversity: 0.0572
Testing decoherence rate γ=0.01...
  Average pattern diversity: 0.0555

✅ Results saved to: /Users/reisgordon/SPOTS/docs/patents/experiments/results/patent_29/decoherence_validation.csv

======================================================================
Experiment 3: Meaningful Connection Metrics Correlation
======================================================================


✅ Results saved to: /Users/reisgordon/SPOTS/docs/patents/experiments/results/patent_29/meaningful_connections_correlation.csv

======================================================================
Experiment 4: Preference Drift Detection Accuracy
======================================================================

Scenario 1: No preference drift...
  Drift detection value: 1.0000
  Drift detected: False
  Correct (should be no drift): True

Scenario 2: Gradual preference drift...
  Drift detection value: 0.9827
  Drift detected: False
  Correct (should detect drift): False

Scenario 3: Sudden preference drift...
  Drift detection value: 0.8267
  Drift detected: True
  Correct (should detect drift): True

Overall drift detection accuracy: 66.67%

✅ Results saved to: /Users/reisgordon/SPOTS/docs/patents/experiments/results/patent_29/preference_drift_detection.csv

======================================================================
Experiment 5: Timing Flexibility Effectiveness
======================================================================

Scenario 1: Without timing flexibility (strict timing)...
  Match rate: 0.00%
  Average match quality: 0.0000

Scenario 2: With timing flexibility...
  Match rate: 33.33%
  Average match quality: 0.9244
  Timing override rate: 33.33%

Match rate improvement: 0.00%

✅ Results saved to: /Users/reisgordon/SPOTS/docs/patents/experiments/results/patent_29/timing_flexibility_effectiveness.csv

======================================================================
Experiment 6: Dynamic Coefficient Optimization Convergence
======================================================================

Testing with 3 entities...
  Convergence iterations: 2
  Final fidelity: 0.0077
  Constraint satisfied: True
Testing with 5 entities...
  Convergence iterations: 2
  Final fidelity: 0.0000
  Constraint satisfied: True
Testing with 7 entities...
  Convergence iterations: 2
  Final fidelity: 1.0000
  Constraint satisfied: True
Testing with 10 entities...
  Convergence iterations: 2
  Final fidelity: 1.0000
  Constraint satisfied: True

✅ Results saved to: /Users/reisgordon/SPOTS/docs/patents/experiments/results/patent_29/coefficient_optimization_convergence.csv

======================================================================
Experiment 7: Hypothetical Matching Prediction Accuracy
======================================================================

Scenario 1: Event overlap detection...
  Overlap detection accuracy: 100.00%

Scenario 2: Similar user identification...
  Similar user identification accuracy: 100.00%

Scenario 3: Prediction score correlation...
  Prediction score correlation: 0.2235

Overall prediction accuracy: 100.00%

✅ Results saved to: /Users/reisgordon/SPOTS/docs/patents/experiments/results/patent_29/hypothetical_matching_accuracy.csv

======================================================================
Experiment 8: Scalable User Calling Performance
======================================================================

  1000 users, 3 entities: 12.91ms, 77440 users/sec
  1000 users, 5 entities: 832.26ms, 1202 users/sec
  1000 users, 7 entities: 9.33ms, 107192 users/sec
  1000 users, 10 entities: 11.52ms, 86790 users/sec
  5000 users, 3 entities: 12.75ms, 78457 users/sec
  5000 users, 5 entities: 796.04ms, 1256 users/sec
  5000 users, 7 entities: 9.62ms, 103971 users/sec
  5000 users, 10 entities: 11.17ms, 89503 users/sec
  10000 users, 3 entities: 12.73ms, 78530 users/sec
  10000 users, 5 entities: 821.96ms, 1217 users/sec
  10000 users, 7 entities: 9.31ms, 107444 users/sec
  10000 users, 10 entities: 11.34ms, 88145 users/sec
  50000 users, 3 entities: 12.82ms, 78020 users/sec
  50000 users, 5 entities: 797.99ms, 1253 users/sec
  50000 users, 7 entities: 9.53ms, 104955 users/sec
  50000 users, 10 entities: 11.31ms, 88407 users/sec

✅ Results saved to: /Users/reisgordon/SPOTS/docs/patents/experiments/results/patent_29/scalable_user_calling_performance.csv

======================================================================
Experiment 9: Privacy Protection Validation
======================================================================

Scenario 1: agentId-only validation...
  agentId-only rate: 100.00%

Scenario 2: PII removal...
  PII removal rate: 100.00%

Scenario 3: Quantum state anonymization...
  Anonymization applied: True

Scenario 4: Location obfuscation...
  Location precision: 1.0km (city-level)

Scenario 5: API privacy...
  API privacy rate: 100.00%

✅ Results saved to: /Users/reisgordon/SPOTS/docs/patents/experiments/results/patent_29/privacy_protection_validation.csv

======================================================================
✅ Patent #29 experiments completed in 3.47 seconds
======================================================================

✅ Patent #29 completed in 3.47 seconds

======================================================================
✅ 1 Year (12 months) COMPLETE
======================================================================
Total Duration: 8.29 seconds (0.14 minutes)


======================================================================
TIME INTERVAL: 2 Years (24 months)
======================================================================

🔬 Running Patent #1 Experiments...
----------------------------------------------------------------------

======================================================================
Patent #1: Quantum Compatibility Calculation Experiments
======================================================================

======================================================================
Experiment 1: Quantum vs. Classical Accuracy Comparison
======================================================================

Processing 1000 pairs...
  Processed 200/1000 pairs...
  Processed 400/1000 pairs...
  Processed 600/1000 pairs...
  Processed 800/1000 pairs...
  Processed 1000/1000 pairs...

Results:
----------------------------------------------------------------------
Method                    Correlation  F1 Score     MAE          RMSE        
----------------------------------------------------------------------
quantum                   1.0000       1.0000       0.0000       0.0000      
classical_cosine          0.6768       0.8499       8.5681       9.7085      
classical_euclidean       0.3032       0.1413       8.7242       9.8655      
classical_weighted        0.3032       0.1413       8.7242       9.8655      

Quantum Advantage: 47.74%

✅ Results saved to: /Users/reisgordon/SPOTS/docs/patents/experiments/results/patent_1/accuracy_comparison.csv

======================================================================
Experiment 2: Noise Handling (Missing Data Scenarios)
======================================================================

Baseline accuracy (full data): 9.1038

Testing: 10% missing...
  Accuracy: 7.3336, Robustness: 0.8056
Testing: 20% missing...
  Accuracy: 6.3410, Robustness: 0.6965
Testing: 30% missing...
  Accuracy: 5.1271, Robustness: 0.5632
Testing: Gaussian σ=0.1...
  Accuracy: 9.0592, Robustness: 0.9951
Testing: Gaussian σ=0.2...
  Accuracy: 9.5562, Robustness: 1.0497

✅ Results saved to: /Users/reisgordon/SPOTS/docs/patents/experiments/results/patent_1/noise_handling_results.csv

======================================================================
Experiment 3: Entanglement Impact on Accuracy
======================================================================

Note: Entanglement simulation simplified for this experiment
Full entanglement requires multi-dimensional tensor products

Average improvement from entanglement: 0.4660
Average contribution: 0.0655

✅ Results saved to: /Users/reisgordon/SPOTS/docs/patents/experiments/results/patent_1/entanglement_impact.csv

======================================================================
Experiment 4: Performance Benchmarks
======================================================================

Testing with 100 pairs...
  Time: 0.0001s, Per pair: 0.0010ms, Throughput: 1030542 pairs/sec
Testing with 500 pairs...
  Time: 0.0005s, Per pair: 0.0010ms, Throughput: 970904 pairs/sec
Testing with 1000 pairs...
  Time: 0.0009s, Per pair: 0.0009ms, Throughput: 1070795 pairs/sec
Testing with 5000 pairs...
  Time: 0.0057s, Per pair: 0.0011ms, Throughput: 875967 pairs/sec
Testing with 10000 pairs...
  Time: 0.0095s, Per pair: 0.0010ms, Throughput: 1047372 pairs/sec

✅ Results saved to: /Users/reisgordon/SPOTS/docs/patents/experiments/results/patent_1/performance_benchmarks.csv

======================================================================
Experiment 5: Quantum State Normalization and Superposition Validation
======================================================================

Testing normalization: ⟨ψ|ψ⟩ = 1...
  Average normalization error: 0.976572
  Maximum normalization error: 1.576704
  All states normalized (< 0.001): False

Testing superposition properties...
  Superposition validity: 100.00%

Testing measurement operators...
  Measurement operator validity: 0.00%

Testing state vector properties...
  State vector properties validity: 0.00%

✅ Results saved to: /Users/reisgordon/SPOTS/docs/patents/experiments/results/patent_1/normalization_validation.csv

======================================================================
✅ Patent #1 experiments completed in 0.29 seconds
======================================================================

✅ Patent #1 completed in 0.29 seconds

🔬 Running Patent #3 Experiments (24 months)...
----------------------------------------------------------------------

======================================================================
Patent #3: Contextual Personality System Experiments (24 months)
======================================================================

======================================================================
Experiment 1: Threshold Testing (24 months)
======================================================================

Testing No limit threshold...
  Homogenization rate: 1.0000
Testing 18.36% threshold...
  Homogenization rate: 0.4786
Testing 20% threshold...
  Homogenization rate: 0.5219
Testing 30% threshold...
  Homogenization rate: 0.7405
Testing 40% threshold...
  Homogenization rate: 0.9129
Testing 50% threshold...
  Homogenization rate: 0.9989

✅ Results saved to: /Users/reisgordon/SPOTS/docs/patents/experiments/results/patent_3/threshold_testing_results_24months.csv

======================================================================
Experiment 2: Homogenization Problem Evidence (24 months)
======================================================================

Simulating evolution WITHOUT drift resistance...
Initial diversity: 1.4202
Final diversity: 0.0000
Convergence rate: 1.0000
Average distance from network average: 0.0000

✅ Results saved to: /Users/reisgordon/SPOTS/docs/patents/experiments/results/patent_3/homogenization_evidence_24months.csv

======================================================================
Experiment 3: Solution Effectiveness Metrics (24 months)
======================================================================

Simulating WITHOUT drift resistance...
Simulating WITH 18.36% drift resistance...
Baseline homogenization: 1.0000
Solution homogenization: 0.4799
Prevention rate: 0.5201

✅ Results saved to: /Users/reisgordon/SPOTS/docs/patents/experiments/results/patent_3/solution_effectiveness_24months.csv

======================================================================
Experiment 4: Contextual Routing Accuracy Test (24 months)
======================================================================

Scenario 1: Authentic transformation...
  Authentic transformation routing accuracy: 100.00%

Scenario 2: Contextual change...
  Contextual change routing accuracy: 100.00%

Scenario 3: Surface drift...
  Surface drift blocking rate: 100.00%

Overall routing accuracy: 100.00%
False positives (authentic blocked): 0.00%
False negatives (drift allowed): 0.00%

✅ Results saved to: /Users/reisgordon/SPOTS/docs/patents/experiments/results/patent_3/routing_accuracy_24months.csv

======================================================================
Experiment 5: Evolution Timeline Preservation Test (24 months)
======================================================================

Scenario 1: Timeline integrity...
  Phases preserved: 24/25
  Timeline integrity: False

Scenario 2: Historical matching accuracy...
  Average historical compatibility: 9.1269

Scenario 3: Transition metrics tracking...
  Average transition drift: 0.1006
  Transitions tracked: 460

Scenario 4: Timeline query performance...
  Average query time: 0.0050ms
  Maximum query time: 0.0088ms
  Performance target (< 10ms): True

✅ Results saved to: /Users/reisgordon/SPOTS/docs/patents/experiments/results/patent_3/timeline_preservation_24months.csv

======================================================================
✅ Patent #3 experiments (24 months) completed in 8.42 seconds
======================================================================

✅ Patent #3 (24 months) completed in 8.42 seconds

🔬 Running Patent #21 Experiments...
----------------------------------------------------------------------

======================================================================
Patent #21: Offline Quantum Matching Experiments
======================================================================

======================================================================
Experiment 1: Quantum State Preservation Under Anonymization
======================================================================

Testing 200 pairs...
Average accuracy loss: 0.9495 (94.95%)
Average norm A: 1.0000
Average norm B: 1.0000

✅ Results saved to: /Users/reisgordon/SPOTS/docs/patents/experiments/results/patent_21/anonymization_validation.csv

======================================================================
Experiment 2: Performance Benchmarks
======================================================================

Testing with 100 pairs...
  Time: 0.0010s, Per pair: 0.0098ms, Throughput: 102250 pairs/sec
Testing with 500 pairs...
  Time: 0.0048s, Per pair: 0.0096ms, Throughput: 104341 pairs/sec
Testing with 1000 pairs...
  Time: 0.0084s, Per pair: 0.0084ms, Throughput: 119275 pairs/sec
Testing with 5000 pairs...
  Time: 0.0459s, Per pair: 0.0092ms, Throughput: 108828 pairs/sec

✅ Results saved to: /Users/reisgordon/SPOTS/docs/patents/experiments/results/patent_21/performance_benchmarks.csv

======================================================================
Experiment 3: Offline Functionality Validation
======================================================================

Scenario 1: Bluetooth device discovery (simulated)...
  Discovery success rate: 99.00%
  Meets target (> 95%): True

Scenario 2: NSD device discovery (simulated)...
  NSD discovery success rate: 97.00%
  Meets target (> 95%): True

Scenario 3: Peer-to-peer profile exchange...
  Exchange success rate: 91.00%
  Meets target (> 90%): True

Scenario 4: Local quantum compatibility calculation...
  Calculation time per pair: 0.0105ms
  Calculation accuracy: 100.00%
  Meets target (< 1ms): True

Scenario 5: Offline learning exchange...
  Learning exchange success rate: 89.00%
  Meets target (> 90%): False

✅ Results saved to: /Users/reisgordon/SPOTS/docs/patents/experiments/results/patent_21/offline_functionality_validation.csv

======================================================================
Experiment 4: Privacy Preservation Validation
======================================================================

Scenario 1: agentId-only validation...
  agentId-only rate: 100.00%
  Meets target (100%): True

Scenario 2: Personal identifier removal...
  PII removal rate: 100.00%
  Meets target (100%): True

Scenario 3: Differential privacy effectiveness...
  Epsilon (privacy budget): 0.5
  Differential privacy applied: True
  Average noise magnitude: 1.5692

Scenario 4: Location obfuscation (simulated)...
  Location precision: 1.0km (city-level)
  Obfuscation applied: True

Scenario 5: Re-identification attack resistance...
  Re-identification success rate: 0.00%
  Meets target (0%): True

✅ Results saved to: /Users/reisgordon/SPOTS/docs/patents/experiments/results/patent_21/privacy_validation.csv

======================================================================
✅ Patent #21 experiments completed in 0.13 seconds
======================================================================

✅ Patent #21 completed in 0.13 seconds

🔬 Running Patent #29 Experiments...
----------------------------------------------------------------------

======================================================================
Patent #29: Multi-Entity Quantum Entanglement Matching Experiments
======================================================================

======================================================================
Experiment 1: N-way Matching Accuracy vs. Sequential Bipartite
======================================================================

Testing with 3 entities...
  N-way: 0.5498, Sequential: 0.5474, Improvement: 0.44%
Testing with 5 entities...
  N-way: 0.5984, Sequential: 0.5548, Improvement: 7.86%
Testing with 7 entities...
  N-way: 0.6930, Sequential: 0.5539, Improvement: 25.11%
Testing with 10 entities...
  N-way: 0.7494, Sequential: 0.5911, Improvement: 26.79%

✅ Results saved to: /Users/reisgordon/SPOTS/docs/patents/experiments/results/patent_29/n_way_accuracy_comparison.csv

======================================================================
Experiment 2: Quantum Decoherence Prevents Over-Optimization
======================================================================

Testing decoherence rate γ=0.0...
  Average pattern diversity: 0.0579
Testing decoherence rate γ=0.001...
  Average pattern diversity: 0.0598
Testing decoherence rate γ=0.005...
  Average pattern diversity: 0.0494
Testing decoherence rate γ=0.01...
  Average pattern diversity: 0.0641

✅ Results saved to: /Users/reisgordon/SPOTS/docs/patents/experiments/results/patent_29/decoherence_validation.csv

======================================================================
Experiment 3: Meaningful Connection Metrics Correlation
======================================================================


✅ Results saved to: /Users/reisgordon/SPOTS/docs/patents/experiments/results/patent_29/meaningful_connections_correlation.csv

======================================================================
Experiment 4: Preference Drift Detection Accuracy
======================================================================

Scenario 1: No preference drift...
  Drift detection value: 1.0000
  Drift detected: False
  Correct (should be no drift): True

Scenario 2: Gradual preference drift...
  Drift detection value: 0.9724
  Drift detected: False
  Correct (should detect drift): False

Scenario 3: Sudden preference drift...
  Drift detection value: 0.9054
  Drift detected: True
  Correct (should detect drift): True

Overall drift detection accuracy: 66.67%

✅ Results saved to: /Users/reisgordon/SPOTS/docs/patents/experiments/results/patent_29/preference_drift_detection.csv

======================================================================
Experiment 5: Timing Flexibility Effectiveness
======================================================================

Scenario 1: Without timing flexibility (strict timing)...
  Match rate: 0.00%
  Average match quality: 0.0000

Scenario 2: With timing flexibility...
  Match rate: 20.00%
  Average match quality: 0.9258
  Timing override rate: 20.00%

Match rate improvement: 0.00%

✅ Results saved to: /Users/reisgordon/SPOTS/docs/patents/experiments/results/patent_29/timing_flexibility_effectiveness.csv

======================================================================
Experiment 6: Dynamic Coefficient Optimization Convergence
======================================================================

Testing with 3 entities...
  Convergence iterations: 2
  Final fidelity: 0.0196
  Constraint satisfied: True
Testing with 5 entities...
  Convergence iterations: 2
  Final fidelity: 0.0000
  Constraint satisfied: True
Testing with 7 entities...
  Convergence iterations: 2
  Final fidelity: 1.0000
  Constraint satisfied: True
Testing with 10 entities...
  Convergence iterations: 2
  Final fidelity: 1.0000
  Constraint satisfied: True

✅ Results saved to: /Users/reisgordon/SPOTS/docs/patents/experiments/results/patent_29/coefficient_optimization_convergence.csv

======================================================================
Experiment 7: Hypothetical Matching Prediction Accuracy
======================================================================

Scenario 1: Event overlap detection...
  Overlap detection accuracy: 100.00%

Scenario 2: Similar user identification...
  Similar user identification accuracy: 100.00%

Scenario 3: Prediction score correlation...
  Prediction score correlation: 0.2172

Overall prediction accuracy: 100.00%

✅ Results saved to: /Users/reisgordon/SPOTS/docs/patents/experiments/results/patent_29/hypothetical_matching_accuracy.csv

======================================================================
Experiment 8: Scalable User Calling Performance
======================================================================

  1000 users, 3 entities: 11.89ms, 84127 users/sec
  1000 users, 5 entities: 721.75ms, 1386 users/sec
  1000 users, 7 entities: 8.68ms, 115247 users/sec
  1000 users, 10 entities: 10.54ms, 94922 users/sec
  5000 users, 3 entities: 11.30ms, 88486 users/sec
  5000 users, 5 entities: 652.87ms, 1532 users/sec
  5000 users, 7 entities: 8.94ms, 111869 users/sec
  5000 users, 10 entities: 10.36ms, 96547 users/sec
  10000 users, 3 entities: 11.51ms, 86849 users/sec
  10000 users, 5 entities: 659.15ms, 1517 users/sec
  10000 users, 7 entities: 8.47ms, 118093 users/sec
  10000 users, 10 entities: 10.74ms, 93076 users/sec
  50000 users, 3 entities: 11.59ms, 86281 users/sec
  50000 users, 5 entities: 639.86ms, 1563 users/sec
  50000 users, 7 entities: 8.76ms, 114180 users/sec
  50000 users, 10 entities: 10.96ms, 91266 users/sec

✅ Results saved to: /Users/reisgordon/SPOTS/docs/patents/experiments/results/patent_29/scalable_user_calling_performance.csv

======================================================================
Experiment 9: Privacy Protection Validation
======================================================================

Scenario 1: agentId-only validation...
  agentId-only rate: 100.00%

Scenario 2: PII removal...
  PII removal rate: 100.00%

Scenario 3: Quantum state anonymization...
  Anonymization applied: True

Scenario 4: Location obfuscation...
  Location precision: 1.0km (city-level)

Scenario 5: API privacy...
  API privacy rate: 100.00%

✅ Results saved to: /Users/reisgordon/SPOTS/docs/patents/experiments/results/patent_29/privacy_protection_validation.csv

======================================================================
✅ Patent #29 experiments completed in 2.88 seconds
======================================================================

✅ Patent #29 completed in 2.88 seconds

======================================================================
✅ 2 Years (24 months) COMPLETE
======================================================================
Total Duration: 11.72 seconds (0.20 minutes)


======================================================================
TIME INTERVAL: 5 Years (60 months)
======================================================================

🔬 Running Patent #1 Experiments...
----------------------------------------------------------------------

======================================================================
Patent #1: Quantum Compatibility Calculation Experiments
======================================================================

======================================================================
Experiment 1: Quantum vs. Classical Accuracy Comparison
======================================================================

Processing 1000 pairs...
  Processed 200/1000 pairs...
  Processed 400/1000 pairs...
  Processed 600/1000 pairs...
  Processed 800/1000 pairs...
  Processed 1000/1000 pairs...

Results:
----------------------------------------------------------------------
Method                    Correlation  F1 Score     MAE          RMSE        
----------------------------------------------------------------------
quantum                   1.0000       1.0000       0.0000       0.0000      
classical_cosine          0.6768       0.8499       8.5681       9.7085      
classical_euclidean       0.3032       0.1413       8.7242       9.8655      
classical_weighted        0.3032       0.1413       8.7242       9.8655      

Quantum Advantage: 47.74%

✅ Results saved to: /Users/reisgordon/SPOTS/docs/patents/experiments/results/patent_1/accuracy_comparison.csv

======================================================================
Experiment 2: Noise Handling (Missing Data Scenarios)
======================================================================

Baseline accuracy (full data): 9.1038

Testing: 10% missing...
  Accuracy: 7.7849, Robustness: 0.8551
Testing: 20% missing...
  Accuracy: 6.3994, Robustness: 0.7029
Testing: 30% missing...
  Accuracy: 5.5067, Robustness: 0.6049
Testing: Gaussian σ=0.1...
  Accuracy: 9.1683, Robustness: 1.0071
Testing: Gaussian σ=0.2...
  Accuracy: 9.3167, Robustness: 1.0234

✅ Results saved to: /Users/reisgordon/SPOTS/docs/patents/experiments/results/patent_1/noise_handling_results.csv

======================================================================
Experiment 3: Entanglement Impact on Accuracy
======================================================================

Note: Entanglement simulation simplified for this experiment
Full entanglement requires multi-dimensional tensor products

Average improvement from entanglement: 0.4660
Average contribution: 0.0655

✅ Results saved to: /Users/reisgordon/SPOTS/docs/patents/experiments/results/patent_1/entanglement_impact.csv

======================================================================
Experiment 4: Performance Benchmarks
======================================================================

Testing with 100 pairs...
  Time: 0.0001s, Per pair: 0.0009ms, Throughput: 1100867 pairs/sec
Testing with 500 pairs...
  Time: 0.0005s, Per pair: 0.0010ms, Throughput: 1048052 pairs/sec
Testing with 1000 pairs...
  Time: 0.0010s, Per pair: 0.0010ms, Throughput: 964208 pairs/sec
Testing with 5000 pairs...
  Time: 0.0044s, Per pair: 0.0009ms, Throughput: 1145985 pairs/sec
Testing with 10000 pairs...
  Time: 0.0093s, Per pair: 0.0009ms, Throughput: 1073646 pairs/sec

✅ Results saved to: /Users/reisgordon/SPOTS/docs/patents/experiments/results/patent_1/performance_benchmarks.csv

======================================================================
Experiment 5: Quantum State Normalization and Superposition Validation
======================================================================

Testing normalization: ⟨ψ|ψ⟩ = 1...
  Average normalization error: 0.976572
  Maximum normalization error: 1.576704
  All states normalized (< 0.001): False

Testing superposition properties...
  Superposition validity: 100.00%

Testing measurement operators...
  Measurement operator validity: 0.00%

Testing state vector properties...
  State vector properties validity: 0.00%

✅ Results saved to: /Users/reisgordon/SPOTS/docs/patents/experiments/results/patent_1/normalization_validation.csv

======================================================================
✅ Patent #1 experiments completed in 0.23 seconds
======================================================================

✅ Patent #1 completed in 0.23 seconds

🔬 Running Patent #3 Experiments (60 months)...
----------------------------------------------------------------------

======================================================================
Patent #3: Contextual Personality System Experiments (60 months)
======================================================================

======================================================================
Experiment 1: Threshold Testing (60 months)
======================================================================

Testing No limit threshold...
  Homogenization rate: 1.0000
Testing 18.36% threshold...
  Homogenization rate: 0.4808
Testing 20% threshold...
  Homogenization rate: 0.5203
Testing 30% threshold...
  Homogenization rate: 0.7414
Testing 40% threshold...
  Homogenization rate: 0.9133
Testing 50% threshold...
  Homogenization rate: 0.9999

✅ Results saved to: /Users/reisgordon/SPOTS/docs/patents/experiments/results/patent_3/threshold_testing_results_60months.csv

======================================================================
Experiment 2: Homogenization Problem Evidence (60 months)
======================================================================

Simulating evolution WITHOUT drift resistance...
Initial diversity: 1.4202
Final diversity: 0.0000
Convergence rate: 1.0000
Average distance from network average: 0.0000

✅ Results saved to: /Users/reisgordon/SPOTS/docs/patents/experiments/results/patent_3/homogenization_evidence_60months.csv

======================================================================
Experiment 3: Solution Effectiveness Metrics (60 months)
======================================================================

Simulating WITHOUT drift resistance...
Simulating WITH 18.36% drift resistance...
Baseline homogenization: 1.0000
Solution homogenization: 0.4789
Prevention rate: 0.5211

✅ Results saved to: /Users/reisgordon/SPOTS/docs/patents/experiments/results/patent_3/solution_effectiveness_60months.csv

======================================================================
Experiment 4: Contextual Routing Accuracy Test (60 months)
======================================================================

Scenario 1: Authentic transformation...
  Authentic transformation routing accuracy: 100.00%

Scenario 2: Contextual change...
  Contextual change routing accuracy: 100.00%

Scenario 3: Surface drift...
  Surface drift blocking rate: 100.00%

Overall routing accuracy: 100.00%
False positives (authentic blocked): 0.00%
False negatives (drift allowed): 0.00%

✅ Results saved to: /Users/reisgordon/SPOTS/docs/patents/experiments/results/patent_3/routing_accuracy_60months.csv

======================================================================
Experiment 5: Evolution Timeline Preservation Test (60 months)
======================================================================

Scenario 1: Timeline integrity...
  Phases preserved: 60/61
  Timeline integrity: False

Scenario 2: Historical matching accuracy...
  Average historical compatibility: 9.0229

Scenario 3: Transition metrics tracking...
  Average transition drift: 0.0970
  Transitions tracked: 1180

Scenario 4: Timeline query performance...
  Average query time: 0.0046ms
  Maximum query time: 0.0079ms
  Performance target (< 10ms): True

✅ Results saved to: /Users/reisgordon/SPOTS/docs/patents/experiments/results/patent_3/timeline_preservation_60months.csv

======================================================================
✅ Patent #3 experiments (60 months) completed in 20.58 seconds
======================================================================

✅ Patent #3 (60 months) completed in 20.58 seconds

🔬 Running Patent #21 Experiments...
----------------------------------------------------------------------

======================================================================
Patent #21: Offline Quantum Matching Experiments
======================================================================

======================================================================
Experiment 1: Quantum State Preservation Under Anonymization
======================================================================

Testing 200 pairs...
Average accuracy loss: 0.9597 (95.97%)
Average norm A: 1.0000
Average norm B: 1.0000

✅ Results saved to: /Users/reisgordon/SPOTS/docs/patents/experiments/results/patent_21/anonymization_validation.csv

======================================================================
Experiment 2: Performance Benchmarks
======================================================================

Testing with 100 pairs...
  Time: 0.0010s, Per pair: 0.0096ms, Throughput: 104492 pairs/sec
Testing with 500 pairs...
  Time: 0.0048s, Per pair: 0.0096ms, Throughput: 103799 pairs/sec
Testing with 1000 pairs...
  Time: 0.0084s, Per pair: 0.0084ms, Throughput: 119319 pairs/sec
Testing with 5000 pairs...
  Time: 0.0476s, Per pair: 0.0095ms, Throughput: 105034 pairs/sec

✅ Results saved to: /Users/reisgordon/SPOTS/docs/patents/experiments/results/patent_21/performance_benchmarks.csv

======================================================================
Experiment 3: Offline Functionality Validation
======================================================================

Scenario 1: Bluetooth device discovery (simulated)...
  Discovery success rate: 100.00%
  Meets target (> 95%): True

Scenario 2: NSD device discovery (simulated)...
  NSD discovery success rate: 91.00%
  Meets target (> 95%): False

Scenario 3: Peer-to-peer profile exchange...
  Exchange success rate: 95.00%
  Meets target (> 90%): True

Scenario 4: Local quantum compatibility calculation...
  Calculation time per pair: 0.0108ms
  Calculation accuracy: 100.00%
  Meets target (< 1ms): True

Scenario 5: Offline learning exchange...
  Learning exchange success rate: 89.00%
  Meets target (> 90%): False

✅ Results saved to: /Users/reisgordon/SPOTS/docs/patents/experiments/results/patent_21/offline_functionality_validation.csv

======================================================================
Experiment 4: Privacy Preservation Validation
======================================================================

Scenario 1: agentId-only validation...
  agentId-only rate: 100.00%
  Meets target (100%): True

Scenario 2: Personal identifier removal...
  PII removal rate: 100.00%
  Meets target (100%): True

Scenario 3: Differential privacy effectiveness...
  Epsilon (privacy budget): 0.5
  Differential privacy applied: True
  Average noise magnitude: 1.5276

Scenario 4: Location obfuscation (simulated)...
  Location precision: 1.0km (city-level)
  Obfuscation applied: True

Scenario 5: Re-identification attack resistance...
  Re-identification success rate: 0.00%
  Meets target (0%): True

✅ Results saved to: /Users/reisgordon/SPOTS/docs/patents/experiments/results/patent_21/privacy_validation.csv

======================================================================
✅ Patent #21 experiments completed in 0.13 seconds
======================================================================

✅ Patent #21 completed in 0.13 seconds

🔬 Running Patent #29 Experiments...
----------------------------------------------------------------------

======================================================================
Patent #29: Multi-Entity Quantum Entanglement Matching Experiments
======================================================================

======================================================================
Experiment 1: N-way Matching Accuracy vs. Sequential Bipartite
======================================================================

Testing with 3 entities...
  N-way: 0.6105, Sequential: 0.5541, Improvement: 10.17%
Testing with 5 entities...
  N-way: 0.6209, Sequential: 0.5827, Improvement: 6.55%
Testing with 7 entities...
  N-way: 0.7133, Sequential: 0.5680, Improvement: 25.57%
Testing with 10 entities...
  N-way: 0.7058, Sequential: 0.5570, Improvement: 26.71%

✅ Results saved to: /Users/reisgordon/SPOTS/docs/patents/experiments/results/patent_29/n_way_accuracy_comparison.csv

======================================================================
Experiment 2: Quantum Decoherence Prevents Over-Optimization
======================================================================

Testing decoherence rate γ=0.0...
  Average pattern diversity: 0.0510
Testing decoherence rate γ=0.001...
  Average pattern diversity: 0.0616
Testing decoherence rate γ=0.005...
  Average pattern diversity: 0.0557
Testing decoherence rate γ=0.01...
  Average pattern diversity: 0.0527

✅ Results saved to: /Users/reisgordon/SPOTS/docs/patents/experiments/results/patent_29/decoherence_validation.csv

======================================================================
Experiment 3: Meaningful Connection Metrics Correlation
======================================================================


✅ Results saved to: /Users/reisgordon/SPOTS/docs/patents/experiments/results/patent_29/meaningful_connections_correlation.csv

======================================================================
Experiment 4: Preference Drift Detection Accuracy
======================================================================

Scenario 1: No preference drift...
  Drift detection value: 1.0000
  Drift detected: False
  Correct (should be no drift): True

Scenario 2: Gradual preference drift...
  Drift detection value: 0.9891
  Drift detected: False
  Correct (should detect drift): False

Scenario 3: Sudden preference drift...
  Drift detection value: 0.8731
  Drift detected: True
  Correct (should detect drift): True

Overall drift detection accuracy: 66.67%

✅ Results saved to: /Users/reisgordon/SPOTS/docs/patents/experiments/results/patent_29/preference_drift_detection.csv

======================================================================
Experiment 5: Timing Flexibility Effectiveness
======================================================================

Scenario 1: Without timing flexibility (strict timing)...
  Match rate: 0.00%
  Average match quality: 0.0000

Scenario 2: With timing flexibility...
  Match rate: 20.00%
  Average match quality: 0.9119
  Timing override rate: 20.00%

Match rate improvement: 0.00%

✅ Results saved to: /Users/reisgordon/SPOTS/docs/patents/experiments/results/patent_29/timing_flexibility_effectiveness.csv

======================================================================
Experiment 6: Dynamic Coefficient Optimization Convergence
======================================================================

Testing with 3 entities...
  Convergence iterations: 2
  Final fidelity: 0.0037
  Constraint satisfied: True
Testing with 5 entities...
  Convergence iterations: 2
  Final fidelity: 0.0001
  Constraint satisfied: True
Testing with 7 entities...
  Convergence iterations: 2
  Final fidelity: 1.0000
  Constraint satisfied: True
Testing with 10 entities...
  Convergence iterations: 2
  Final fidelity: 1.0000
  Constraint satisfied: True

✅ Results saved to: /Users/reisgordon/SPOTS/docs/patents/experiments/results/patent_29/coefficient_optimization_convergence.csv

======================================================================
Experiment 7: Hypothetical Matching Prediction Accuracy
======================================================================

Scenario 1: Event overlap detection...
  Overlap detection accuracy: 100.00%

Scenario 2: Similar user identification...
  Similar user identification accuracy: 100.00%

Scenario 3: Prediction score correlation...
  Prediction score correlation: 0.3130

Overall prediction accuracy: 100.00%

✅ Results saved to: /Users/reisgordon/SPOTS/docs/patents/experiments/results/patent_29/hypothetical_matching_accuracy.csv

======================================================================
Experiment 8: Scalable User Calling Performance
======================================================================

  1000 users, 3 entities: 12.71ms, 78666 users/sec
  1000 users, 5 entities: 779.28ms, 1283 users/sec
  1000 users, 7 entities: 9.48ms, 105517 users/sec
  1000 users, 10 entities: 11.35ms, 88138 users/sec
  5000 users, 3 entities: 12.54ms, 79734 users/sec
  5000 users, 5 entities: 715.04ms, 1399 users/sec
  5000 users, 7 entities: 8.88ms, 112674 users/sec
  5000 users, 10 entities: 10.55ms, 94832 users/sec
  10000 users, 3 entities: 11.49ms, 87017 users/sec
  10000 users, 5 entities: 607.50ms, 1646 users/sec
  10000 users, 7 entities: 8.67ms, 115406 users/sec
  10000 users, 10 entities: 10.59ms, 94409 users/sec
  50000 users, 3 entities: 11.36ms, 88029 users/sec
  50000 users, 5 entities: 761.41ms, 1313 users/sec
  50000 users, 7 entities: 9.41ms, 106223 users/sec
  50000 users, 10 entities: 11.52ms, 86799 users/sec

✅ Results saved to: /Users/reisgordon/SPOTS/docs/patents/experiments/results/patent_29/scalable_user_calling_performance.csv

======================================================================
Experiment 9: Privacy Protection Validation
======================================================================

Scenario 1: agentId-only validation...
  agentId-only rate: 100.00%

Scenario 2: PII removal...
  PII removal rate: 100.00%

Scenario 3: Quantum state anonymization...
  Anonymization applied: True

Scenario 4: Location obfuscation...
  Location precision: 1.0km (city-level)

Scenario 5: API privacy...
  API privacy rate: 100.00%

✅ Results saved to: /Users/reisgordon/SPOTS/docs/patents/experiments/results/patent_29/privacy_protection_validation.csv

======================================================================
✅ Patent #29 experiments completed in 3.08 seconds/Users/reisgordon/SPOTS/docs/patents/experiments/scripts/run_patent_29_experiments.py:782: ConstantInputWarning: An input array is constant; the correlation coefficient is not defined.
  prediction_corr, _ = pearsonr(prediction_scores, actual_interests)

======================================================================

✅ Patent #29 completed in 3.08 seconds

======================================================================
✅ 5 Years (60 months) COMPLETE
======================================================================
Total Duration: 24.03 seconds (0.40 minutes)


======================================================================
TIME INTERVAL: 10 Years (120 months)
======================================================================

🔬 Running Patent #1 Experiments...
----------------------------------------------------------------------

======================================================================
Patent #1: Quantum Compatibility Calculation Experiments
======================================================================

======================================================================
Experiment 1: Quantum vs. Classical Accuracy Comparison
======================================================================

Processing 1000 pairs...
  Processed 200/1000 pairs...
  Processed 400/1000 pairs...
  Processed 600/1000 pairs...
  Processed 800/1000 pairs...
  Processed 1000/1000 pairs...

Results:
----------------------------------------------------------------------
Method                    Correlation  F1 Score     MAE          RMSE        
----------------------------------------------------------------------
quantum                   1.0000       1.0000       0.0000       0.0000      
classical_cosine          0.6768       0.8499       8.5681       9.7085      
classical_euclidean       0.3032       0.1413       8.7242       9.8655      
classical_weighted        0.3032       0.1413       8.7242       9.8655      

Quantum Advantage: 47.74%

✅ Results saved to: /Users/reisgordon/SPOTS/docs/patents/experiments/results/patent_1/accuracy_comparison.csv

======================================================================
Experiment 2: Noise Handling (Missing Data Scenarios)
======================================================================

Baseline accuracy (full data): 9.1038

Testing: 10% missing...
  Accuracy: 7.5720, Robustness: 0.8317
Testing: 20% missing...
  Accuracy: 6.2254, Robustness: 0.6838
Testing: 30% missing...
  Accuracy: 5.2446, Robustness: 0.5761
Testing: Gaussian σ=0.1...
  Accuracy: 9.2298, Robustness: 1.0138
Testing: Gaussian σ=0.2...
  Accuracy: 9.5633, Robustness: 1.0505

✅ Results saved to: /Users/reisgordon/SPOTS/docs/patents/experiments/results/patent_1/noise_handling_results.csv

======================================================================
Experiment 3: Entanglement Impact on Accuracy
======================================================================

Note: Entanglement simulation simplified for this experiment
Full entanglement requires multi-dimensional tensor products

Average improvement from entanglement: 0.4660
Average contribution: 0.0655

✅ Results saved to: /Users/reisgordon/SPOTS/docs/patents/experiments/results/patent_1/entanglement_impact.csv

======================================================================
Experiment 4: Performance Benchmarks
======================================================================

Testing with 100 pairs...
  Time: 0.0001s, Per pair: 0.0011ms, Throughput: 942540 pairs/sec
Testing with 500 pairs...
  Time: 0.0005s, Per pair: 0.0011ms, Throughput: 934143 pairs/sec
Testing with 1000 pairs...
  Time: 0.0010s, Per pair: 0.0010ms, Throughput: 1041804 pairs/sec
Testing with 5000 pairs...
  Time: 0.0048s, Per pair: 0.0010ms, Throughput: 1042115 pairs/sec
Testing with 10000 pairs...
  Time: 0.0095s, Per pair: 0.0009ms, Throughput: 1054402 pairs/sec

✅ Results saved to: /Users/reisgordon/SPOTS/docs/patents/experiments/results/patent_1/performance_benchmarks.csv

======================================================================
Experiment 5: Quantum State Normalization and Superposition Validation
======================================================================

Testing normalization: ⟨ψ|ψ⟩ = 1...
  Average normalization error: 0.976572
  Maximum normalization error: 1.576704
  All states normalized (< 0.001): False

Testing superposition properties...
  Superposition validity: 100.00%

Testing measurement operators...
  Measurement operator validity: 0.00%

Testing state vector properties...
  State vector properties validity: 0.00%

✅ Results saved to: /Users/reisgordon/SPOTS/docs/patents/experiments/results/patent_1/normalization_validation.csv

======================================================================
✅ Patent #1 experiments completed in 0.25 seconds
======================================================================

✅ Patent #1 completed in 0.25 seconds

🔬 Running Patent #3 Experiments (120 months)...
----------------------------------------------------------------------

======================================================================
Patent #3: Contextual Personality System Experiments (120 months)
======================================================================

======================================================================
Experiment 1: Threshold Testing (120 months)
======================================================================

Testing No limit threshold...
  Homogenization rate: 1.0000
Testing 18.36% threshold...
  Homogenization rate: 0.4782
Testing 20% threshold...
  Homogenization rate: 0.5199
Testing 30% threshold...
  Homogenization rate: 0.7407
Testing 40% threshold...
  Homogenization rate: 0.9132
Testing 50% threshold...
  Homogenization rate: 1.0000

✅ Results saved to: /Users/reisgordon/SPOTS/docs/patents/experiments/results/patent_3/threshold_testing_results_120months.csv

======================================================================
Experiment 2: Homogenization Problem Evidence (120 months)
======================================================================

Simulating evolution WITHOUT drift resistance...
Initial diversity: 1.4202
Final diversity: 0.0000
Convergence rate: 1.0000
Average distance from network average: 0.0000

✅ Results saved to: /Users/reisgordon/SPOTS/docs/patents/experiments/results/patent_3/homogenization_evidence_120months.csv

======================================================================
Experiment 3: Solution Effectiveness Metrics (120 months)
======================================================================

Simulating WITHOUT drift resistance...
Simulating WITH 18.36% drift resistance...
Baseline homogenization: 1.0000
Solution homogenization: 0.4807
Prevention rate: 0.5193

✅ Results saved to: /Users/reisgordon/SPOTS/docs/patents/experiments/results/patent_3/solution_effectiveness_120months.csv

======================================================================
Experiment 4: Contextual Routing Accuracy Test (120 months)
======================================================================

Scenario 1: Authentic transformation...
  Authentic transformation routing accuracy: 100.00%

Scenario 2: Contextual change...
  Contextual change routing accuracy: 100.00%

Scenario 3: Surface drift...
  Surface drift blocking rate: 100.00%

Overall routing accuracy: 100.00%
False positives (authentic blocked): 0.00%
False negatives (drift allowed): 0.00%

✅ Results saved to: /Users/reisgordon/SPOTS/docs/patents/experiments/results/patent_3/routing_accuracy_120months.csv

======================================================================
Experiment 5: Evolution Timeline Preservation Test (120 months)
======================================================================

Scenario 1: Timeline integrity...
  Phases preserved: 120/121
  Timeline integrity: False

Scenario 2: Historical matching accuracy...
  Average historical compatibility: 9.4644

Scenario 3: Transition metrics tracking...
  Average transition drift: 0.0960
  Transitions tracked: 2380

Scenario 4: Timeline query performance...
  Average query time: 0.0050ms
  Maximum query time: 0.0088ms
  Performance target (< 10ms): True

✅ Results saved to: /Users/reisgordon/SPOTS/docs/patents/experiments/results/patent_3/timeline_preservation_120months.csv

======================================================================
✅ Patent #3 experiments (120 months) completed in 43.47 seconds
======================================================================

✅ Patent #3 (120 months) completed in 43.47 seconds

🔬 Running Patent #21 Experiments...
----------------------------------------------------------------------

======================================================================
Patent #21: Offline Quantum Matching Experiments
======================================================================

======================================================================
Experiment 1: Quantum State Preservation Under Anonymization
======================================================================

Testing 200 pairs...
Average accuracy loss: 0.9556 (95.56%)
Average norm A: 1.0000
Average norm B: 1.0000

✅ Results saved to: /Users/reisgordon/SPOTS/docs/patents/experiments/results/patent_21/anonymization_validation.csv

======================================================================
Experiment 2: Performance Benchmarks
======================================================================

Testing with 100 pairs...
  Time: 0.0010s, Per pair: 0.0098ms, Throughput: 102250 pairs/sec
Testing with 500 pairs...
  Time: 0.0047s, Per pair: 0.0094ms, Throughput: 106932 pairs/sec
Testing with 1000 pairs...
  Time: 0.0091s, Per pair: 0.0091ms, Throughput: 109816 pairs/sec
Testing with 5000 pairs...
  Time: 0.0460s, Per pair: 0.0092ms, Throughput: 108809 pairs/sec

✅ Results saved to: /Users/reisgordon/SPOTS/docs/patents/experiments/results/patent_21/performance_benchmarks.csv

======================================================================
Experiment 3: Offline Functionality Validation
======================================================================

Scenario 1: Bluetooth device discovery (simulated)...
  Discovery success rate: 96.00%
  Meets target (> 95%): True

Scenario 2: NSD device discovery (simulated)...
  NSD discovery success rate: 98.00%
  Meets target (> 95%): True

Scenario 3: Peer-to-peer profile exchange...
  Exchange success rate: 96.00%
  Meets target (> 90%): True

Scenario 4: Local quantum compatibility calculation...
  Calculation time per pair: 0.0089ms
  Calculation accuracy: 100.00%
  Meets target (< 1ms): True

Scenario 5: Offline learning exchange...
  Learning exchange success rate: 89.00%
  Meets target (> 90%): False

✅ Results saved to: /Users/reisgordon/SPOTS/docs/patents/experiments/results/patent_21/offline_functionality_validation.csv

======================================================================
Experiment 4: Privacy Preservation Validation
======================================================================

Scenario 1: agentId-only validation...
  agentId-only rate: 100.00%
  Meets target (100%): True

Scenario 2: Personal identifier removal...
  PII removal rate: 100.00%
  Meets target (100%): True

Scenario 3: Differential privacy effectiveness...
  Epsilon (privacy budget): 0.5
  Differential privacy applied: True
  Average noise magnitude: 1.3691

Scenario 4: Location obfuscation (simulated)...
  Location precision: 1.0km (city-level)
  Obfuscation applied: True

Scenario 5: Re-identification attack resistance...
  Re-identification success rate: 0.00%
  Meets target (0%): True

✅ Results saved to: /Users/reisgordon/SPOTS/docs/patents/experiments/results/patent_21/privacy_validation.csv

======================================================================
✅ Patent #21 experiments completed in 0.13 seconds
======================================================================

✅ Patent #21 completed in 0.13 seconds

🔬 Running Patent #29 Experiments...
----------------------------------------------------------------------

======================================================================
Patent #29: Multi-Entity Quantum Entanglement Matching Experiments
======================================================================

======================================================================
Experiment 1: N-way Matching Accuracy vs. Sequential Bipartite
======================================================================

Testing with 3 entities...
  N-way: 0.6502, Sequential: 0.6258, Improvement: 3.89%
Testing with 5 entities...
  N-way: 0.5998, Sequential: 0.5807, Improvement: 3.30%
Testing with 7 entities...
  N-way: 0.7362, Sequential: 0.5885, Improvement: 25.10%
Testing with 10 entities...
  N-way: 0.7601, Sequential: 0.5967, Improvement: 27.37%

✅ Results saved to: /Users/reisgordon/SPOTS/docs/patents/experiments/results/patent_29/n_way_accuracy_comparison.csv

======================================================================
Experiment 2: Quantum Decoherence Prevents Over-Optimization
======================================================================

Testing decoherence rate γ=0.0...
  Average pattern diversity: 0.0631
Testing decoherence rate γ=0.001...
  Average pattern diversity: 0.0545
Testing decoherence rate γ=0.005...
  Average pattern diversity: 0.0583
Testing decoherence rate γ=0.01...
  Average pattern diversity: 0.0517

✅ Results saved to: /Users/reisgordon/SPOTS/docs/patents/experiments/results/patent_29/decoherence_validation.csv

======================================================================
Experiment 3: Meaningful Connection Metrics Correlation
======================================================================


✅ Results saved to: /Users/reisgordon/SPOTS/docs/patents/experiments/results/patent_29/meaningful_connections_correlation.csv

======================================================================
Experiment 4: Preference Drift Detection Accuracy
======================================================================

Scenario 1: No preference drift...
  Drift detection value: 1.0000
  Drift detected: False
  Correct (should be no drift): True

Scenario 2: Gradual preference drift...
  Drift detection value: 0.9791
  Drift detected: False
  Correct (should detect drift): False

Scenario 3: Sudden preference drift...
  Drift detection value: 0.9282
  Drift detected: True
  Correct (should detect drift): True

Overall drift detection accuracy: 66.67%

✅ Results saved to: /Users/reisgordon/SPOTS/docs/patents/experiments/results/patent_29/preference_drift_detection.csv

======================================================================
Experiment 5: Timing Flexibility Effectiveness
======================================================================

Scenario 1: Without timing flexibility (strict timing)...
  Match rate: 0.00%
  Average match quality: 0.0000

Scenario 2: With timing flexibility...
  Match rate: 16.67%
  Average match quality: 0.9224
  Timing override rate: 16.67%

Match rate improvement: 0.00%

✅ Results saved to: /Users/reisgordon/SPOTS/docs/patents/experiments/results/patent_29/timing_flexibility_effectiveness.csv

======================================================================
Experiment 6: Dynamic Coefficient Optimization Convergence
======================================================================

Testing with 3 entities...
  Convergence iterations: 2
  Final fidelity: 0.0000
  Constraint satisfied: True
Testing with 5 entities...
  Convergence iterations: 2
  Final fidelity: 0.0003
  Constraint satisfied: True
Testing with 7 entities...
  Convergence iterations: 2
  Final fidelity: 1.0000
  Constraint satisfied: True
Testing with 10 entities...
  Convergence iterations: 2
  Final fidelity: 1.0000
  Constraint satisfied: True

✅ Results saved to: /Users/reisgordon/SPOTS/docs/patents/experiments/results/patent_29/coefficient_optimization_convergence.csv

======================================================================
Experiment 7: Hypothetical Matching Prediction Accuracy
======================================================================

Scenario 1: Event overlap detection...
  Overlap detection accuracy: 100.00%

Scenario 2: Similar user identification...
  Similar user identification accuracy: 100.00%

Scenario 3: Prediction score correlation...
  Prediction score correlation: nan

Overall prediction accuracy: 100.00%

✅ Results saved to: /Users/reisgordon/SPOTS/docs/patents/experiments/results/patent_29/hypothetical_matching_accuracy.csv

======================================================================
Experiment 8: Scalable User Calling Performance
======================================================================

  1000 users, 3 entities: 11.96ms, 83640 users/sec
  1000 users, 5 entities: 703.04ms, 1422 users/sec
  1000 users, 7 entities: 9.18ms, 108960 users/sec
  1000 users, 10 entities: 10.72ms, 93327 users/sec
  5000 users, 3 entities: 11.76ms, 85005 users/sec
  5000 users, 5 entities: 673.43ms, 1485 users/sec
  5000 users, 7 entities: 8.57ms, 116661 users/sec
  5000 users, 10 entities: 10.81ms, 92473 users/sec
  10000 users, 3 entities: 11.60ms, 86205 users/sec
  10000 users, 5 entities: 714.92ms, 1399 users/sec
  10000 users, 7 entities: 8.28ms, 120748 users/sec
  10000 users, 10 entities: 11.11ms, 89978 users/sec
  50000 users, 3 entities: 12.06ms, 82939 users/sec
  50000 users, 5 entities: 697.72ms, 1433 users/sec
  50000 users, 7 entities: 8.49ms, 117824 users/sec
  50000 users, 10 entities: 10.69ms, 93529 users/sec

✅ Results saved to: /Users/reisgordon/SPOTS/docs/patents/experiments/results/patent_29/scalable_user_calling_performance.csv

======================================================================
Experiment 9: Privacy Protection Validation
======================================================================

Scenario 1: agentId-only validation...
  agentId-only rate: 100.00%

Scenario 2: PII removal...
  PII removal rate: 100.00%

Scenario 3: Quantum state anonymization...
  Anonymization applied: True

Scenario 4: Location obfuscation...
  Location precision: 1.0km (city-level)

Scenario 5: API privacy...
  API privacy rate: 100.00%

✅ Results saved to: /Users/reisgordon/SPOTS/docs/patents/experiments/results/patent_29/privacy_protection_validation.csv

======================================================================
✅ Patent #29 experiments completed in 3.00 seconds
======================================================================

✅ Patent #29 completed in 3.00 seconds

======================================================================
✅ 10 Years (120 months) COMPLETE
======================================================================
Total Duration: 46.85 seconds (0.78 minutes)


======================================================================
✅ ALL TIME INTERVALS COMPLETE
======================================================================
Total Time: 96.89 seconds (1.61 minutes)

📄 Master summary saved to: /Users/reisgordon/SPOTS/docs/patents/experiments/logs/time_interval_master_summary.md

